[INFO] Scanning for projects...
[INFO] 
[INFO] --------------------< com.example:compiler-service >--------------------
[INFO] Building compiler-service 0.0.1-SNAPSHOT
[INFO]   from pom.xml
[INFO] --------------------------------[ jar ]---------------------------------
[INFO] 
[INFO] --- clean:3.3.2:clean (default-clean) @ compiler-service ---
[INFO] Deleting C:\Users\harsh\VSC\iitj-coder\compiler-service\target
[INFO] 
[INFO] --- resources:3.3.1:resources (default-resources) @ compiler-service ---
[INFO] Copying 1 resource from src\main\resources to target\classes
[INFO] Copying 0 resource from src\main\resources to target\classes
[INFO] 
[INFO] --- compiler:3.11.0:compile (default-compile) @ compiler-service ---
[INFO] Changes detected - recompiling the module! :source
[INFO] Compiling 13 source files with javac [debug release 17] to target\classes
[INFO] -------------------------------------------------------------
[ERROR] COMPILATION ERROR : 
[INFO] -------------------------------------------------------------
[ERROR] /C:/Users/harsh/VSC/iitj-coder/compiler-service/src/main/java/com/example/compiler/EvaluationService.java:[7,38] package com.fasterxml.jackson.databind does not exist
[ERROR] /C:/Users/harsh/VSC/iitj-coder/compiler-service/src/main/java/com/example/compiler/EvaluationService.java:[8,38] package com.fasterxml.jackson.databind does not exist
[ERROR] /C:/Users/harsh/VSC/iitj-coder/compiler-service/src/main/java/com/example/compiler/EvaluationService.java:[19,19] cannot find symbol
  symbol:   class ObjectMapper
  location: class com.example.compiler.EvaluationService
[ERROR] /C:/Users/harsh/VSC/iitj-coder/compiler-service/src/main/java/com/example/compiler/EvaluationService.java:[19,51] cannot find symbol
  symbol:   class ObjectMapper
  location: class com.example.compiler.EvaluationService
[ERROR] /C:/Users/harsh/VSC/iitj-coder/compiler-service/src/main/java/com/example/compiler/EvaluationService.java:[44,17] cannot find symbol
  symbol:   class JsonNode
  location: class com.example.compiler.EvaluationService
[ERROR] /C:/Users/harsh/VSC/iitj-coder/compiler-service/src/main/java/com/example/compiler/EvaluationService.java:[48,25] cannot find symbol
  symbol:   class JsonNode
  location: class com.example.compiler.EvaluationService
[INFO] 6 errors 
[INFO] -------------------------------------------------------------
[INFO] ------------------------------------------------------------------------
[INFO] BUILD FAILURE
[INFO] ------------------------------------------------------------------------
[INFO] Total time:  2.726 s
[INFO] Finished at: 2026-02-23T19:28:43+05:30
[INFO] ------------------------------------------------------------------------
[ERROR] Failed to execute goal org.apache.maven.plugins:maven-compiler-plugin:3.11.0:compile (default-compile) on project compiler-service: Compilation failure: Compilation failure: 
[ERROR] /C:/Users/harsh/VSC/iitj-coder/compiler-service/src/main/java/com/example/compiler/EvaluationService.java:[7,38] package com.fasterxml.jackson.databind does not exist
[ERROR] /C:/Users/harsh/VSC/iitj-coder/compiler-service/src/main/java/com/example/compiler/EvaluationService.java:[8,38] package com.fasterxml.jackson.databind does not exist
[ERROR] /C:/Users/harsh/VSC/iitj-coder/compiler-service/src/main/java/com/example/compiler/EvaluationService.java:[19,19] cannot find symbol
[ERROR]   symbol:   class ObjectMapper
[ERROR]   location: class com.example.compiler.EvaluationService
[ERROR] /C:/Users/harsh/VSC/iitj-coder/compiler-service/src/main/java/com/example/compiler/EvaluationService.java:[19,51] cannot find symbol
[ERROR]   symbol:   class ObjectMapper
[ERROR]   location: class com.example.compiler.EvaluationService
[ERROR] /C:/Users/harsh/VSC/iitj-coder/compiler-service/src/main/java/com/example/compiler/EvaluationService.java:[44,17] cannot find symbol
[ERROR]   symbol:   class JsonNode
[ERROR]   location: class com.example.compiler.EvaluationService
[ERROR] /C:/Users/harsh/VSC/iitj-coder/compiler-service/src/main/java/com/example/compiler/EvaluationService.java:[48,25] cannot find symbol
[ERROR]   symbol:   class JsonNode
[ERROR]   location: class com.example.compiler.EvaluationService
[ERROR] -> [Help 1]
[ERROR] 
[ERROR] To see the full stack trace of the errors, re-run Maven with the -e switch.
[ERROR] Re-run Maven using the -X switch to enable full debug logging.
[ERROR] 
[ERROR] For more information about the errors and possible solutions, please read the following articles:
[ERROR] [Help 1] http://cwiki.apache.org/confluence/display/MAVEN/MojoFailureException
